android/app/build/intermediates/manifest_merge_blame_file/debug/manifest-merger-blame-debug-report.txt
1<?xml version="1.0" encoding="utf-8"?>
2<manifest xmlns:android="http://schemas.android.com/apk/res/android"
3    package="com.sunpark"
4    android:versionCode="1"
5    android:versionName="1.0" >
6
7    <uses-sdk
8        android:minSdkVersion="21"
9        android:targetSdkVersion="33" />
10
11    <uses-permission android:name="android.permission.SYSTEM_ALERT_WINDOW" />
11-->src\debug\AndroidManifest.xml:5:5-77
11-->src\debug\AndroidManifest.xml:5:22-75
12    <uses-permission android:name="android.permission.INTERNET" />
12-->src\main\AndroidManifest.xml:3:5-67
12-->src\main\AndroidManifest.xml:3:22-64
13    <uses-permission android:name="android.permission.VIBRATE" />
13-->src\main\AndroidManifest.xml:4:5-65
13-->src\main\AndroidManifest.xml:4:22-63
14    <uses-permission android:name="android.permission.ACCESS_NETWORK_STATE" />
14-->src\main\AndroidManifest.xml:5:5-79
14-->src\main\AndroidManifest.xml:5:22-76
15    <uses-permission android:name="android.permission.ACCESS_FINE_LOCATION" />
15-->src\main\AndroidManifest.xml:6:5-79
15-->src\main\AndroidManifest.xml:6:22-76
16    <uses-permission android:name="android.permission.ACCESS_COARSE_LOCATION" />
16-->src\main\AndroidManifest.xml:7:5-81
16-->src\main\AndroidManifest.xml:7:22-78
17    <uses-permission android:name="android.permission.ACCESS_BACKGROUND_LOCATION" />
17-->src\main\AndroidManifest.xml:8:5-85
17-->src\main\AndroidManifest.xml:8:22-82
18    <uses-permission android:name="android.permission.ACCESS_WIFI_STATE" />
18-->[com.facebook.flipper:flipper:0.125.0] AndroidManifest.xml:16:5-76
18-->[com.facebook.flipper:flipper:0.125.0] AndroidManifest.xml:16:22-73
19    <uses-permission android:name="android.permission.CAMERA" />
19-->[:react-native-camera] AndroidManifest.xml:9:5-65
19-->[:react-native-camera] AndroidManifest.xml:9:22-62
20
21    <uses-feature
21-->[:react-native-camera] AndroidManifest.xml:11:5-13:36
22        android:name="android.hardware.camera"
22-->[:react-native-camera] AndroidManifest.xml:12:9-47
23        android:required="false" />
23-->[:react-native-camera] AndroidManifest.xml:13:9-33
24    <uses-feature
24-->[:react-native-camera] AndroidManifest.xml:14:5-16:36
25        android:name="android.hardware.camera.autofocus"
25-->[:react-native-camera] AndroidManifest.xml:15:9-57
26        android:required="false" />
26-->[:react-native-camera] AndroidManifest.xml:16:9-33
27
28    <uses-permission android:name="android.permission.WAKE_LOCK" />
28-->[androidx.work:work-runtime:2.7.1] AndroidManifest.xml:25:5-68
28-->[androidx.work:work-runtime:2.7.1] AndroidManifest.xml:25:22-65
29    <uses-permission android:name="android.permission.RECEIVE_BOOT_COMPLETED" />
29-->[androidx.work:work-runtime:2.7.1] AndroidManifest.xml:27:5-81
29-->[androidx.work:work-runtime:2.7.1] AndroidManifest.xml:27:22-78
30    <uses-permission android:name="android.permission.FOREGROUND_SERVICE" />
30-->[androidx.work:work-runtime:2.7.1] AndroidManifest.xml:28:5-77
30-->[androidx.work:work-runtime:2.7.1] AndroidManifest.xml:28:22-74
31
32    <uses-feature
32-->[com.google.android.gms:play-services-maps:18.0.2] AndroidManifest.xml:26:5-28:35
33        android:glEsVersion="0x00020000"
33-->[com.google.android.gms:play-services-maps:18.0.2] AndroidManifest.xml:27:9-41
34        android:required="true" />
34-->[com.google.android.gms:play-services-maps:18.0.2] AndroidManifest.xml:28:9-32
35
36    <queries>
36-->[com.google.android.gms:play-services-maps:18.0.2] AndroidManifest.xml:30:5-34:15
37
38        <!-- Needs to be explicitly declared on Android R+ -->
39        <package android:name="com.google.android.apps.maps" />
39-->[com.google.android.gms:play-services-maps:18.0.2] AndroidManifest.xml:33:9-64
39-->[com.google.android.gms:play-services-maps:18.0.2] AndroidManifest.xml:33:18-61
40    </queries>
41
42    <application
42-->src\main\AndroidManifest.xml:10:5-33:19
43        android:name="com.sunpark.MainApplication"
43-->src\main\AndroidManifest.xml:11:7-38
44        android:allowBackup="false"
44-->src\main\AndroidManifest.xml:15:7-34
45        android:appComponentFactory="androidx.core.app.CoreComponentFactory"
45-->[androidx.core:core:1.7.0] AndroidManifest.xml:24:18-86
46        android:debuggable="true"
47        android:icon="@mipmap/ic_launcher"
47-->src\main\AndroidManifest.xml:13:7-41
48        android:label="@string/app_name"
48-->src\main\AndroidManifest.xml:12:7-39
49        android:roundIcon="@mipmap/ic_launcher_round"
49-->src\main\AndroidManifest.xml:14:7-52
50        android:theme="@style/AppTheme"
50-->src\main\AndroidManifest.xml:16:7-38
51        android:usesCleartextTraffic="true" >
51-->src\main\AndroidManifest.xml:17:7-42
52        <activity
52-->src\debug\AndroidManifest.xml:11:9-111
53            android:name="com.facebook.react.devsupport.DevSettingsActivity"
53-->src\debug\AndroidManifest.xml:11:19-83
54            android:exported="false" />
54-->src\debug\AndroidManifest.xml:11:84-108
55
56        <meta-data
56-->src\main\AndroidManifest.xml:18:7-20:63
57            android:name="com.google.android.geo.API_KEY"
57-->src\main\AndroidManifest.xml:19:5-50
58            android:value="AIzaSyC5SD9ibmsRme7-gSoPKbD83CCznYox76Q" />
58-->src\main\AndroidManifest.xml:20:5-60
59
60        <activity
60-->src\main\AndroidManifest.xml:21:7-32:18
61            android:name="com.sunpark.MainActivity"
61-->src\main\AndroidManifest.xml:22:9-37
62            android:configChanges="keyboard|keyboardHidden|orientation|screenLayout|screenSize|smallestScreenSize|uiMode"
62-->src\main\AndroidManifest.xml:24:9-118
63            android:exported="true"
63-->src\main\AndroidManifest.xml:27:9-32
64            android:label="@string/app_name"
64-->src\main\AndroidManifest.xml:23:9-41
65            android:launchMode="singleTask"
65-->src\main\AndroidManifest.xml:25:9-40
66            android:windowSoftInputMode="adjustResize" >
66-->src\main\AndroidManifest.xml:26:9-51
67            <intent-filter>
67-->src\main\AndroidManifest.xml:28:9-31:25
68                <action android:name="android.intent.action.MAIN" />
68-->src\main\AndroidManifest.xml:29:13-65
68-->src\main\AndroidManifest.xml:29:21-62
69
70                <category android:name="android.intent.category.LAUNCHER" />
70-->src\main\AndroidManifest.xml:30:13-73
70-->src\main\AndroidManifest.xml:30:23-70
71            </intent-filter>
72        </activity>
73
74        <provider
74-->[androidx.work:work-runtime:2.7.1] AndroidManifest.xml:31:9-39:20
75            android:name="androidx.startup.InitializationProvider"
75-->[androidx.work:work-runtime:2.7.1] AndroidManifest.xml:32:13-67
76            android:authorities="com.sunpark.androidx-startup"
76-->[androidx.work:work-runtime:2.7.1] AndroidManifest.xml:33:13-68
77            android:exported="false" >
77-->[androidx.work:work-runtime:2.7.1] AndroidManifest.xml:34:13-37
78            <meta-data
78-->[androidx.work:work-runtime:2.7.1] AndroidManifest.xml:36:13-38:52
79                android:name="androidx.work.WorkManagerInitializer"
79-->[androidx.work:work-runtime:2.7.1] AndroidManifest.xml:37:17-68
80                android:value="androidx.startup" />
80-->[androidx.work:work-runtime:2.7.1] AndroidManifest.xml:38:17-49
81            <meta-data
81-->[androidx.emoji2:emoji2:1.0.0] AndroidManifest.xml:31:13-33:52
82                android:name="androidx.emoji2.text.EmojiCompatInitializer"
82-->[androidx.emoji2:emoji2:1.0.0] AndroidManifest.xml:32:17-75
83                android:value="androidx.startup" />
83-->[androidx.emoji2:emoji2:1.0.0] AndroidManifest.xml:33:17-49
84            <meta-data
84-->[androidx.lifecycle:lifecycle-process:2.4.0] AndroidManifest.xml:31:13-33:52
85                android:name="androidx.lifecycle.ProcessLifecycleInitializer"
85-->[androidx.lifecycle:lifecycle-process:2.4.0] AndroidManifest.xml:32:17-78
86                android:value="androidx.startup" />
86-->[androidx.lifecycle:lifecycle-process:2.4.0] AndroidManifest.xml:33:17-49
87        </provider>
88
89        <service
89-->[androidx.work:work-runtime:2.7.1] AndroidManifest.xml:41:9-46:35
90            android:name="androidx.work.impl.background.systemalarm.SystemAlarmService"
90-->[androidx.work:work-runtime:2.7.1] AndroidManifest.xml:42:13-88
91            android:directBootAware="false"
91-->[androidx.work:work-runtime:2.7.1] AndroidManifest.xml:43:13-44
92            android:enabled="@bool/enable_system_alarm_service_default"
92-->[androidx.work:work-runtime:2.7.1] AndroidManifest.xml:44:13-72
93            android:exported="false" />
93-->[androidx.work:work-runtime:2.7.1] AndroidManifest.xml:45:13-37
94        <service
94-->[androidx.work:work-runtime:2.7.1] AndroidManifest.xml:47:9-53:35
95            android:name="androidx.work.impl.background.systemjob.SystemJobService"
95-->[androidx.work:work-runtime:2.7.1] AndroidManifest.xml:48:13-84
96            android:directBootAware="false"
96-->[androidx.work:work-runtime:2.7.1] AndroidManifest.xml:49:13-44
97            android:enabled="@bool/enable_system_job_service_default"
97-->[androidx.work:work-runtime:2.7.1] AndroidManifest.xml:50:13-70
98            android:exported="true"
98-->[androidx.work:work-runtime:2.7.1] AndroidManifest.xml:51:13-36
99            android:permission="android.permission.BIND_JOB_SERVICE" />
99-->[androidx.work:work-runtime:2.7.1] AndroidManifest.xml:52:13-69
100        <service
100-->[androidx.work:work-runtime:2.7.1] AndroidManifest.xml:54:9-59:35
101            android:name="androidx.work.impl.foreground.SystemForegroundService"
101-->[androidx.work:work-runtime:2.7.1] AndroidManifest.xml:55:13-81
102            android:directBootAware="false"
102-->[androidx.work:work-runtime:2.7.1] AndroidManifest.xml:56:13-44
103            android:enabled="@bool/enable_system_foreground_service_default"
103-->[androidx.work:work-runtime:2.7.1] AndroidManifest.xml:57:13-77
104            android:exported="false" />
104-->[androidx.work:work-runtime:2.7.1] AndroidManifest.xml:58:13-37
105
106        <receiver
106-->[androidx.work:work-runtime:2.7.1] AndroidManifest.xml:61:9-66:35
107            android:name="androidx.work.impl.utils.ForceStopRunnable$BroadcastReceiver"
107-->[androidx.work:work-runtime:2.7.1] AndroidManifest.xml:62:13-88
108            android:directBootAware="false"
108-->[androidx.work:work-runtime:2.7.1] AndroidManifest.xml:63:13-44
109            android:enabled="true"
109-->[androidx.work:work-runtime:2.7.1] AndroidManifest.xml:64:13-35
110            android:exported="false" />
110-->[androidx.work:work-runtime:2.7.1] AndroidManifest.xml:65:13-37
111        <receiver
111-->[androidx.work:work-runtime:2.7.1] AndroidManifest.xml:67:9-77:20
112            android:name="androidx.work.impl.background.systemalarm.ConstraintProxy$BatteryChargingProxy"
112-->[androidx.work:work-runtime:2.7.1] AndroidManifest.xml:68:13-106
113            android:directBootAware="false"
113-->[androidx.work:work-runtime:2.7.1] AndroidManifest.xml:69:13-44
114            android:enabled="false"
114-->[androidx.work:work-runtime:2.7.1] AndroidManifest.xml:70:13-36
115            android:exported="false" >
115-->[androidx.work:work-runtime:2.7.1] AndroidManifest.xml:71:13-37
116            <intent-filter>
116-->[androidx.work:work-runtime:2.7.1] AndroidManifest.xml:73:13-76:29
117                <action android:name="android.intent.action.ACTION_POWER_CONNECTED" />
117-->[androidx.work:work-runtime:2.7.1] AndroidManifest.xml:74:17-87
117-->[androidx.work:work-runtime:2.7.1] AndroidManifest.xml:74:25-84
118                <action android:name="android.intent.action.ACTION_POWER_DISCONNECTED" />
118-->[androidx.work:work-runtime:2.7.1] AndroidManifest.xml:75:17-90
118-->[androidx.work:work-runtime:2.7.1] AndroidManifest.xml:75:25-87
119            </intent-filter>
120        </receiver>
121        <receiver
121-->[androidx.work:work-runtime:2.7.1] AndroidManifest.xml:78:9-88:20
122            android:name="androidx.work.impl.background.systemalarm.ConstraintProxy$BatteryNotLowProxy"
122-->[androidx.work:work-runtime:2.7.1] AndroidManifest.xml:79:13-104
123            android:directBootAware="false"
123-->[androidx.work:work-runtime:2.7.1] AndroidManifest.xml:80:13-44
124            android:enabled="false"
124-->[androidx.work:work-runtime:2.7.1] AndroidManifest.xml:81:13-36
125            android:exported="false" >
125-->[androidx.work:work-runtime:2.7.1] AndroidManifest.xml:82:13-37
126            <intent-filter>
126-->[androidx.work:work-runtime:2.7.1] AndroidManifest.xml:84:13-87:29
127                <action android:name="android.intent.action.BATTERY_OKAY" />
127-->[androidx.work:work-runtime:2.7.1] AndroidManifest.xml:85:17-77
127-->[androidx.work:work-runtime:2.7.1] AndroidManifest.xml:85:25-74
128                <action android:name="android.intent.action.BATTERY_LOW" />
128-->[androidx.work:work-runtime:2.7.1] AndroidManifest.xml:86:17-76
128-->[androidx.work:work-runtime:2.7.1] AndroidManifest.xml:86:25-73
129            </intent-filter>
130        </receiver>
131        <receiver
131-->[androidx.work:work-runtime:2.7.1] AndroidManifest.xml:89:9-99:20
132            android:name="androidx.work.impl.background.systemalarm.ConstraintProxy$StorageNotLowProxy"
132-->[androidx.work:work-runtime:2.7.1] AndroidManifest.xml:90:13-104
133            android:directBootAware="false"
133-->[androidx.work:work-runtime:2.7.1] AndroidManifest.xml:91:13-44
134            android:enabled="false"
134-->[androidx.work:work-runtime:2.7.1] AndroidManifest.xml:92:13-36
135            android:exported="false" >
135-->[androidx.work:work-runtime:2.7.1] AndroidManifest.xml:93:13-37
136            <intent-filter>
136-->[androidx.work:work-runtime:2.7.1] AndroidManifest.xml:95:13-98:29
137                <action android:name="android.intent.action.DEVICE_STORAGE_LOW" />
137-->[androidx.work:work-runtime:2.7.1] AndroidManifest.xml:96:17-83
137-->[androidx.work:work-runtime:2.7.1] AndroidManifest.xml:96:25-80
138                <action android:name="android.intent.action.DEVICE_STORAGE_OK" />
138-->[androidx.work:work-runtime:2.7.1] AndroidManifest.xml:97:17-82
138-->[androidx.work:work-runtime:2.7.1] AndroidManifest.xml:97:25-79
139            </intent-filter>
140        </receiver>
141        <receiver
141-->[androidx.work:work-runtime:2.7.1] AndroidManifest.xml:100:9-109:20
142            android:name="androidx.work.impl.background.systemalarm.ConstraintProxy$NetworkStateProxy"
142-->[androidx.work:work-runtime:2.7.1] AndroidManifest.xml:101:13-103
143            android:directBootAware="false"
143-->[androidx.work:work-runtime:2.7.1] AndroidManifest.xml:102:13-44
144            android:enabled="false"
144-->[androidx.work:work-runtime:2.7.1] AndroidManifest.xml:103:13-36
145            android:exported="false" >
145-->[androidx.work:work-runtime:2.7.1] AndroidManifest.xml:104:13-37
146            <intent-filter>
146-->[androidx.work:work-runtime:2.7.1] AndroidManifest.xml:106:13-108:29
147                <action android:name="android.net.conn.CONNECTIVITY_CHANGE" />
147-->[androidx.work:work-runtime:2.7.1] AndroidManifest.xml:107:17-79
147-->[androidx.work:work-runtime:2.7.1] AndroidManifest.xml:107:25-76
148            </intent-filter>
149        </receiver>
150        <receiver
150-->[androidx.work:work-runtime:2.7.1] AndroidManifest.xml:110:9-121:20
151            android:name="androidx.work.impl.background.systemalarm.RescheduleReceiver"
151-->[androidx.work:work-runtime:2.7.1] AndroidManifest.xml:111:13-88
152            android:directBootAware="false"
152-->[androidx.work:work-runtime:2.7.1] AndroidManifest.xml:112:13-44
153            android:enabled="false"
153-->[androidx.work:work-runtime:2.7.1] AndroidManifest.xml:113:13-36
154            android:exported="false" >
154-->[androidx.work:work-runtime:2.7.1] AndroidManifest.xml:114:13-37
155            <intent-filter>
155-->[androidx.work:work-runtime:2.7.1] AndroidManifest.xml:116:13-120:29
156                <action android:name="android.intent.action.BOOT_COMPLETED" />
156-->[androidx.work:work-runtime:2.7.1] AndroidManifest.xml:117:17-79
156-->[androidx.work:work-runtime:2.7.1] AndroidManifest.xml:117:25-76
157                <action android:name="android.intent.action.TIME_SET" />
157-->[androidx.work:work-runtime:2.7.1] AndroidManifest.xml:118:17-73
157-->[androidx.work:work-runtime:2.7.1] AndroidManifest.xml:118:25-70
158                <action android:name="android.intent.action.TIMEZONE_CHANGED" />
158-->[androidx.work:work-runtime:2.7.1] AndroidManifest.xml:119:17-81
158-->[androidx.work:work-runtime:2.7.1] AndroidManifest.xml:119:25-78
159            </intent-filter>
160        </receiver>
161        <receiver
161-->[androidx.work:work-runtime:2.7.1] AndroidManifest.xml:122:9-131:20
162            android:name="androidx.work.impl.background.systemalarm.ConstraintProxyUpdateReceiver"
162-->[androidx.work:work-runtime:2.7.1] AndroidManifest.xml:123:13-99
163            android:directBootAware="false"
163-->[androidx.work:work-runtime:2.7.1] AndroidManifest.xml:124:13-44
164            android:enabled="@bool/enable_system_alarm_service_default"
164-->[androidx.work:work-runtime:2.7.1] AndroidManifest.xml:125:13-72
165            android:exported="false" >
165-->[androidx.work:work-runtime:2.7.1] AndroidManifest.xml:126:13-37
166            <intent-filter>
166-->[androidx.work:work-runtime:2.7.1] AndroidManifest.xml:128:13-130:29
167                <action android:name="androidx.work.impl.background.systemalarm.UpdateProxies" />
167-->[androidx.work:work-runtime:2.7.1] AndroidManifest.xml:129:17-98
167-->[androidx.work:work-runtime:2.7.1] AndroidManifest.xml:129:25-95
168            </intent-filter>
169        </receiver>
170        <receiver
170-->[androidx.work:work-runtime:2.7.1] AndroidManifest.xml:132:9-142:20
171            android:name="androidx.work.impl.diagnostics.DiagnosticsReceiver"
171-->[androidx.work:work-runtime:2.7.1] AndroidManifest.xml:133:13-78
172            android:directBootAware="false"
172-->[androidx.work:work-runtime:2.7.1] AndroidManifest.xml:134:13-44
173            android:enabled="true"
173-->[androidx.work:work-runtime:2.7.1] AndroidManifest.xml:135:13-35
174            android:exported="true"
174-->[androidx.work:work-runtime:2.7.1] AndroidManifest.xml:136:13-36
175            android:permission="android.permission.DUMP" >
175-->[androidx.work:work-runtime:2.7.1] AndroidManifest.xml:137:13-57
176            <intent-filter>
176-->[androidx.work:work-runtime:2.7.1] AndroidManifest.xml:139:13-141:29
177                <action android:name="androidx.work.diagnostics.REQUEST_DIAGNOSTICS" />
177-->[androidx.work:work-runtime:2.7.1] AndroidManifest.xml:140:17-88
177-->[androidx.work:work-runtime:2.7.1] AndroidManifest.xml:140:25-85
178            </intent-filter>
179        </receiver>
180
181        <service
181-->[androidx.room:room-runtime:2.2.5] AndroidManifest.xml:25:9-28:40
182            android:name="androidx.room.MultiInstanceInvalidationService"
182-->[androidx.room:room-runtime:2.2.5] AndroidManifest.xml:26:13-74
183            android:directBootAware="true"
183-->[androidx.room:room-runtime:2.2.5] AndroidManifest.xml:27:13-43
184            android:exported="false" />
184-->[androidx.room:room-runtime:2.2.5] AndroidManifest.xml:28:13-37
185        <service
185-->[com.google.android.gms:play-services-mlkit-barcode-scanning:16.2.0] AndroidManifest.xml:9:9-15:19
186            android:name="com.google.mlkit.common.internal.MlKitComponentDiscoveryService"
186-->[com.google.android.gms:play-services-mlkit-barcode-scanning:16.2.0] AndroidManifest.xml:10:13-91
187            android:directBootAware="true"
187-->[com.google.mlkit:common:17.2.0] AndroidManifest.xml:17:13-43
188            android:exported="false" >
188-->[com.google.android.gms:play-services-mlkit-barcode-scanning:16.2.0] AndroidManifest.xml:11:13-37
189            <meta-data
189-->[com.google.android.gms:play-services-mlkit-barcode-scanning:16.2.0] AndroidManifest.xml:12:13-14:85
190                android:name="com.google.firebase.components:com.google.mlkit.vision.barcode.internal.BarcodeRegistrar"
190-->[com.google.android.gms:play-services-mlkit-barcode-scanning:16.2.0] AndroidManifest.xml:13:17-120
191                android:value="com.google.firebase.components.ComponentRegistrar" />
191-->[com.google.android.gms:play-services-mlkit-barcode-scanning:16.2.0] AndroidManifest.xml:14:17-82
192            <meta-data
192-->[com.google.android.gms:play-services-mlkit-face-detection:16.2.0] AndroidManifest.xml:12:13-14:85
193                android:name="com.google.firebase.components:com.google.mlkit.vision.face.internal.FaceRegistrar"
193-->[com.google.android.gms:play-services-mlkit-face-detection:16.2.0] AndroidManifest.xml:13:17-114
194                android:value="com.google.firebase.components.ComponentRegistrar" />
194-->[com.google.android.gms:play-services-mlkit-face-detection:16.2.0] AndroidManifest.xml:14:17-82
195            <meta-data
195-->[com.google.android.gms:play-services-mlkit-text-recognition:16.3.0] AndroidManifest.xml:12:13-14:85
196                android:name="com.google.firebase.components:com.google.mlkit.vision.text.internal.TextRegistrar"
196-->[com.google.android.gms:play-services-mlkit-text-recognition:16.3.0] AndroidManifest.xml:13:17-114
197                android:value="com.google.firebase.components.ComponentRegistrar" />
197-->[com.google.android.gms:play-services-mlkit-text-recognition:16.3.0] AndroidManifest.xml:14:17-82
198            <meta-data
198-->[com.google.mlkit:vision-common:16.5.0] AndroidManifest.xml:12:13-14:85
199                android:name="com.google.firebase.components:com.google.mlkit.vision.common.internal.VisionCommonRegistrar"
199-->[com.google.mlkit:vision-common:16.5.0] AndroidManifest.xml:13:17-124
200                android:value="com.google.firebase.components.ComponentRegistrar" />
200-->[com.google.mlkit:vision-common:16.5.0] AndroidManifest.xml:14:17-82
201            <meta-data
201-->[com.google.mlkit:common:17.2.0] AndroidManifest.xml:20:13-22:85
202                android:name="com.google.firebase.components:com.google.mlkit.common.internal.CommonComponentRegistrar"
202-->[com.google.mlkit:common:17.2.0] AndroidManifest.xml:21:17-120
203                android:value="com.google.firebase.components.ComponentRegistrar" />
203-->[com.google.mlkit:common:17.2.0] AndroidManifest.xml:22:17-82
204        </service> <!-- Needs to be explicitly declared on P+ -->
205        <uses-library
205-->[com.google.android.gms:play-services-maps:18.0.2] AndroidManifest.xml:39:9-41:40
206            android:name="org.apache.http.legacy"
206-->[com.google.android.gms:play-services-maps:18.0.2] AndroidManifest.xml:40:13-50
207            android:required="false" />
207-->[com.google.android.gms:play-services-maps:18.0.2] AndroidManifest.xml:41:13-37
208
209        <provider
209-->[com.google.mlkit:common:17.2.0] AndroidManifest.xml:9:9-13:38
210            android:name="com.google.mlkit.common.internal.MlKitInitProvider"
210-->[com.google.mlkit:common:17.2.0] AndroidManifest.xml:10:13-78
211            android:authorities="com.sunpark.mlkitinitprovider"
211-->[com.google.mlkit:common:17.2.0] AndroidManifest.xml:11:13-69
212            android:exported="false"
212-->[com.google.mlkit:common:17.2.0] AndroidManifest.xml:12:13-37
213            android:initOrder="99" />
213-->[com.google.mlkit:common:17.2.0] AndroidManifest.xml:13:13-35
214
215        <activity
215-->[com.google.android.gms:play-services-base:18.1.0] AndroidManifest.xml:20:9-22:45
216            android:name="com.google.android.gms.common.api.GoogleApiActivity"
216-->[com.google.android.gms:play-services-base:18.1.0] AndroidManifest.xml:20:19-85
217            android:exported="false"
217-->[com.google.android.gms:play-services-base:18.1.0] AndroidManifest.xml:22:19-43
218            android:theme="@android:style/Theme.Translucent.NoTitleBar" />
218-->[com.google.android.gms:play-services-base:18.1.0] AndroidManifest.xml:21:19-78
219
220        <meta-data
220-->[com.google.android.gms:play-services-basement:18.1.0] AndroidManifest.xml:21:9-23:69
221            android:name="com.google.android.gms.version"
221-->[com.google.android.gms:play-services-basement:18.1.0] AndroidManifest.xml:22:13-58
222            android:value="@integer/google_play_services_version" />
222-->[com.google.android.gms:play-services-basement:18.1.0] AndroidManifest.xml:23:13-66
223
224        <service
224-->[com.google.android.datatransport:transport-backend-cct:2.3.3] AndroidManifest.xml:29:9-35:19
225            android:name="com.google.android.datatransport.runtime.backends.TransportBackendDiscovery"
225-->[com.google.android.datatransport:transport-backend-cct:2.3.3] AndroidManifest.xml:30:13-103
226            android:exported="false" >
226-->[com.google.android.datatransport:transport-backend-cct:2.3.3] AndroidManifest.xml:31:13-37
227            <meta-data
227-->[com.google.android.datatransport:transport-backend-cct:2.3.3] AndroidManifest.xml:32:13-34:39
228                android:name="backend:com.google.android.datatransport.cct.CctBackendFactory"
228-->[com.google.android.datatransport:transport-backend-cct:2.3.3] AndroidManifest.xml:33:17-94
229                android:value="cct" />
229-->[com.google.android.datatransport:transport-backend-cct:2.3.3] AndroidManifest.xml:34:17-36
230        </service>
231        <service
231-->[com.google.android.datatransport:transport-runtime:2.2.6] AndroidManifest.xml:26:9-30:19
232            android:name="com.google.android.datatransport.runtime.scheduling.jobscheduling.JobInfoSchedulerService"
232-->[com.google.android.datatransport:transport-runtime:2.2.6] AndroidManifest.xml:27:13-117
233            android:exported="false"
233-->[com.google.android.datatransport:transport-runtime:2.2.6] AndroidManifest.xml:28:13-37
234            android:permission="android.permission.BIND_JOB_SERVICE" >
234-->[com.google.android.datatransport:transport-runtime:2.2.6] AndroidManifest.xml:29:13-69
235        </service>
236
237        <receiver
237-->[com.google.android.datatransport:transport-runtime:2.2.6] AndroidManifest.xml:32:9-34:40
238            android:name="com.google.android.datatransport.runtime.scheduling.jobscheduling.AlarmManagerSchedulerBroadcastReceiver"
238-->[com.google.android.datatransport:transport-runtime:2.2.6] AndroidManifest.xml:33:13-132
239            android:exported="false" />
239-->[com.google.android.datatransport:transport-runtime:2.2.6] AndroidManifest.xml:34:13-37
240    </application>
241
242</manifest>